Analysis & Synthesis report for ALU
Sat Jul 18 02:41:15 2020
Quartus II 64-Bit Version 13.0.1 Build 232 06/12/2013 Service Pack 1 SJ Web Edition


---------------------
; Table of Contents ;
---------------------
  1. Legal Notice
  2. Analysis & Synthesis Summary
  3. Analysis & Synthesis Settings
  4. Parallel Compilation
  5. Analysis & Synthesis Source Files Read
  6. Analysis & Synthesis Resource Usage Summary
  7. Analysis & Synthesis Resource Utilization by Entity
  8. Analysis & Synthesis RAM Summary
  9. Analysis & Synthesis IP Cores Summary
 10. Registers Removed During Synthesis
 11. General Register Statistics
 12. Source assignments for ICACHE_TWO:inst|altsyncram:altsyncram_component|altsyncram_oo71:auto_generated
 13. Parameter Settings for User Entity Instance: PC:inst2|LPM_DFF:inst
 14. Parameter Settings for User Entity Instance: PC:inst2|lpm_mux1:inst7|lpm_mux:LPM_MUX_component
 15. Parameter Settings for User Entity Instance: PC:inst2|lpm_add_sub0:inst3|lpm_add_sub:LPM_ADD_SUB_component
 16. Parameter Settings for User Entity Instance: ICACHE_TWO:inst|altsyncram:altsyncram_component
 17. altsyncram Parameter Settings by Entity Instance
 18. Elapsed Time Per Partition
 19. Analysis & Synthesis Messages



----------------
; Legal Notice ;
----------------
Copyright (C) 1991-2013 Altera Corporation
Your use of Altera Corporation's design tools, logic functions 
and other software and tools, and its AMPP partner logic 
functions, and any output files from any of the foregoing 
(including device programming or simulation files), and any 
associated documentation or information are expressly subject 
to the terms and conditions of the Altera Program License 
Subscription Agreement, Altera MegaCore Function License 
Agreement, or other applicable license agreement, including, 
without limitation, that your use is for the sole purpose of 
programming logic devices manufactured by Altera and sold by 
Altera or its authorized distributors.  Please refer to the 
applicable agreement for further details.



+--------------------------------------------------------------------------------------+
; Analysis & Synthesis Summary                                                         ;
+------------------------------------+-------------------------------------------------+
; Analysis & Synthesis Status        ; Successful - Sat Jul 18 02:41:15 2020           ;
; Quartus II 64-Bit Version          ; 13.0.1 Build 232 06/12/2013 SP 1 SJ Web Edition ;
; Revision Name                      ; ALU                                             ;
; Top-level Entity Name              ; MEM_TEST                                        ;
; Family                             ; Cyclone II                                      ;
; Total logic elements               ; 30                                              ;
;     Total combinational functions  ; 30                                              ;
;     Dedicated logic registers      ; 30                                              ;
; Total registers                    ; 30                                              ;
; Total pins                         ; 75                                              ;
; Total virtual pins                 ; 0                                               ;
; Total memory bits                  ; 8,192                                           ;
; Embedded Multiplier 9-bit elements ; 0                                               ;
; Total PLLs                         ; 0                                               ;
+------------------------------------+-------------------------------------------------+


+----------------------------------------------------------------------------------------------------------------------+
; Analysis & Synthesis Settings                                                                                        ;
+----------------------------------------------------------------------------+--------------------+--------------------+
; Option                                                                     ; Setting            ; Default Value      ;
+----------------------------------------------------------------------------+--------------------+--------------------+
; Top-level entity name                                                      ; MEM_TEST           ; ALU                ;
; Family name                                                                ; Cyclone II         ; Cyclone IV GX      ;
; Use smart compilation                                                      ; Off                ; Off                ;
; Enable parallel Assembler and TimeQuest Timing Analyzer during compilation ; On                 ; On                 ;
; Enable compact report table                                                ; Off                ; Off                ;
; Restructure Multiplexers                                                   ; Auto               ; Auto               ;
; Create Debugging Nodes for IP Cores                                        ; Off                ; Off                ;
; Preserve fewer node names                                                  ; On                 ; On                 ;
; Disable OpenCore Plus hardware evaluation                                  ; Off                ; Off                ;
; Verilog Version                                                            ; Verilog_2001       ; Verilog_2001       ;
; VHDL Version                                                               ; VHDL_1993          ; VHDL_1993          ;
; State Machine Processing                                                   ; Auto               ; Auto               ;
; Safe State Machine                                                         ; Off                ; Off                ;
; Extract Verilog State Machines                                             ; On                 ; On                 ;
; Extract VHDL State Machines                                                ; On                 ; On                 ;
; Ignore Verilog initial constructs                                          ; Off                ; Off                ;
; Iteration limit for constant Verilog loops                                 ; 5000               ; 5000               ;
; Iteration limit for non-constant Verilog loops                             ; 250                ; 250                ;
; Add Pass-Through Logic to Inferred RAMs                                    ; On                 ; On                 ;
; Infer RAMs from Raw Logic                                                  ; On                 ; On                 ;
; Parallel Synthesis                                                         ; On                 ; On                 ;
; DSP Block Balancing                                                        ; Auto               ; Auto               ;
; NOT Gate Push-Back                                                         ; On                 ; On                 ;
; Power-Up Don't Care                                                        ; On                 ; On                 ;
; Remove Redundant Logic Cells                                               ; Off                ; Off                ;
; Remove Duplicate Registers                                                 ; On                 ; On                 ;
; Ignore CARRY Buffers                                                       ; Off                ; Off                ;
; Ignore CASCADE Buffers                                                     ; Off                ; Off                ;
; Ignore GLOBAL Buffers                                                      ; Off                ; Off                ;
; Ignore ROW GLOBAL Buffers                                                  ; Off                ; Off                ;
; Ignore LCELL Buffers                                                       ; Off                ; Off                ;
; Ignore SOFT Buffers                                                        ; On                 ; On                 ;
; Limit AHDL Integers to 32 Bits                                             ; Off                ; Off                ;
; Optimization Technique                                                     ; Balanced           ; Balanced           ;
; Carry Chain Length                                                         ; 70                 ; 70                 ;
; Auto Carry Chains                                                          ; On                 ; On                 ;
; Auto Open-Drain Pins                                                       ; On                 ; On                 ;
; Perform WYSIWYG Primitive Resynthesis                                      ; Off                ; Off                ;
; Auto ROM Replacement                                                       ; On                 ; On                 ;
; Auto RAM Replacement                                                       ; On                 ; On                 ;
; Auto Shift Register Replacement                                            ; Auto               ; Auto               ;
; Allow Shift Register Merging across Hierarchies                            ; Auto               ; Auto               ;
; Auto Clock Enable Replacement                                              ; On                 ; On                 ;
; Strict RAM Replacement                                                     ; Off                ; Off                ;
; Allow Synchronous Control Signals                                          ; On                 ; On                 ;
; Force Use of Synchronous Clear Signals                                     ; Off                ; Off                ;
; Auto RAM to Logic Cell Conversion                                          ; Off                ; Off                ;
; Auto Resource Sharing                                                      ; Off                ; Off                ;
; Allow Any RAM Size For Recognition                                         ; Off                ; Off                ;
; Allow Any ROM Size For Recognition                                         ; Off                ; Off                ;
; Allow Any Shift Register Size For Recognition                              ; Off                ; Off                ;
; Use LogicLock Constraints during Resource Balancing                        ; On                 ; On                 ;
; Ignore translate_off and synthesis_off directives                          ; Off                ; Off                ;
; Timing-Driven Synthesis                                                    ; Off                ; Off                ;
; Report Parameter Settings                                                  ; On                 ; On                 ;
; Report Source Assignments                                                  ; On                 ; On                 ;
; Report Connectivity Checks                                                 ; On                 ; On                 ;
; Ignore Maximum Fan-Out Assignments                                         ; Off                ; Off                ;
; Synchronization Register Chain Length                                      ; 2                  ; 2                  ;
; PowerPlay Power Optimization                                               ; Normal compilation ; Normal compilation ;
; HDL message level                                                          ; Level2             ; Level2             ;
; Suppress Register Optimization Related Messages                            ; Off                ; Off                ;
; Number of Removed Registers Reported in Synthesis Report                   ; 5000               ; 5000               ;
; Number of Swept Nodes Reported in Synthesis Report                         ; 5000               ; 5000               ;
; Number of Inverted Registers Reported in Synthesis Report                  ; 100                ; 100                ;
; Clock MUX Protection                                                       ; On                 ; On                 ;
; Auto Gated Clock Conversion                                                ; Off                ; Off                ;
; Block Design Naming                                                        ; Auto               ; Auto               ;
; SDC constraint protection                                                  ; Off                ; Off                ;
; Synthesis Effort                                                           ; Auto               ; Auto               ;
; Shift Register Replacement - Allow Asynchronous Clear Signal               ; On                 ; On                 ;
; Pre-Mapping Resynthesis Optimization                                       ; Off                ; Off                ;
; Analysis & Synthesis Message Level                                         ; Medium             ; Medium             ;
; Disable Register Merging Across Hierarchies                                ; Auto               ; Auto               ;
; Resource Aware Inference For Block RAM                                     ; On                 ; On                 ;
; Synthesis Seed                                                             ; 1                  ; 1                  ;
+----------------------------------------------------------------------------+--------------------+--------------------+


Parallel compilation was disabled, but you have multiple processors available. Enable parallel compilation to reduce compilation time.
+-------------------------------------+
; Parallel Compilation                ;
+----------------------------+--------+
; Processors                 ; Number ;
+----------------------------+--------+
; Number detected on machine ; 12     ;
; Maximum allowed            ; 1      ;
+----------------------------+--------+


+-----------------------------------------------------------------------------------------------------------------------------------------------------------------------------------+
; Analysis & Synthesis Source Files Read                                                                                                                                            ;
+----------------------------------+-----------------+----------------------------------------+---------------------------------------------------------------------------+---------+
; File Name with User-Entered Path ; Used in Netlist ; File Type                              ; File Name with Absolute Path                                              ; Library ;
+----------------------------------+-----------------+----------------------------------------+---------------------------------------------------------------------------+---------+
; HW7/lpm_mux1.v                   ; yes             ; User Wizard-Generated File             ; D:/altera/13.0sp1/Projects/CPU/HW7/lpm_mux1.v                             ;         ;
; lpm_add_sub0.v                   ; yes             ; User Wizard-Generated File             ; D:/altera/13.0sp1/Projects/CPU/lpm_add_sub0.v                             ;         ;
; PC.bdf                           ; yes             ; User Block Diagram/Schematic File      ; D:/altera/13.0sp1/Projects/CPU/PC.bdf                                     ;         ;
; MEM_TEST.bdf                     ; yes             ; User Block Diagram/Schematic File      ; D:/altera/13.0sp1/Projects/CPU/MEM_TEST.bdf                               ;         ;
; ICACHE_TWO.v                     ; yes             ; User Wizard-Generated File             ; D:/altera/13.0sp1/Projects/CPU/ICACHE_TWO.v                               ;         ;
; lpm_dff.tdf                      ; yes             ; Megafunction                           ; d:/altera/13.0sp1/quartus/libraries/megafunctions/lpm_dff.tdf             ;         ;
; lpm_constant.inc                 ; yes             ; Megafunction                           ; d:/altera/13.0sp1/quartus/libraries/megafunctions/lpm_constant.inc        ;         ;
; dffeea.inc                       ; yes             ; Megafunction                           ; d:/altera/13.0sp1/quartus/libraries/megafunctions/dffeea.inc              ;         ;
; aglobal130.inc                   ; yes             ; Megafunction                           ; d:/altera/13.0sp1/quartus/libraries/megafunctions/aglobal130.inc          ;         ;
; lpm_mux.tdf                      ; yes             ; Megafunction                           ; d:/altera/13.0sp1/quartus/libraries/megafunctions/lpm_mux.tdf             ;         ;
; muxlut.inc                       ; yes             ; Megafunction                           ; d:/altera/13.0sp1/quartus/libraries/megafunctions/muxlut.inc              ;         ;
; bypassff.inc                     ; yes             ; Megafunction                           ; d:/altera/13.0sp1/quartus/libraries/megafunctions/bypassff.inc            ;         ;
; altshift.inc                     ; yes             ; Megafunction                           ; d:/altera/13.0sp1/quartus/libraries/megafunctions/altshift.inc            ;         ;
; db/mux_9oc.tdf                   ; yes             ; Auto-Generated Megafunction            ; D:/altera/13.0sp1/Projects/CPU/db/mux_9oc.tdf                             ;         ;
; lpm_add_sub.tdf                  ; yes             ; Megafunction                           ; d:/altera/13.0sp1/quartus/libraries/megafunctions/lpm_add_sub.tdf         ;         ;
; addcore.inc                      ; yes             ; Megafunction                           ; d:/altera/13.0sp1/quartus/libraries/megafunctions/addcore.inc             ;         ;
; look_add.inc                     ; yes             ; Megafunction                           ; d:/altera/13.0sp1/quartus/libraries/megafunctions/look_add.inc            ;         ;
; alt_stratix_add_sub.inc          ; yes             ; Megafunction                           ; d:/altera/13.0sp1/quartus/libraries/megafunctions/alt_stratix_add_sub.inc ;         ;
; db/add_sub_dph.tdf               ; yes             ; Auto-Generated Megafunction            ; D:/altera/13.0sp1/Projects/CPU/db/add_sub_dph.tdf                         ;         ;
; altsyncram.tdf                   ; yes             ; Megafunction                           ; d:/altera/13.0sp1/quartus/libraries/megafunctions/altsyncram.tdf          ;         ;
; stratix_ram_block.inc            ; yes             ; Megafunction                           ; d:/altera/13.0sp1/quartus/libraries/megafunctions/stratix_ram_block.inc   ;         ;
; lpm_mux.inc                      ; yes             ; Megafunction                           ; d:/altera/13.0sp1/quartus/libraries/megafunctions/lpm_mux.inc             ;         ;
; lpm_decode.inc                   ; yes             ; Megafunction                           ; d:/altera/13.0sp1/quartus/libraries/megafunctions/lpm_decode.inc          ;         ;
; a_rdenreg.inc                    ; yes             ; Megafunction                           ; d:/altera/13.0sp1/quartus/libraries/megafunctions/a_rdenreg.inc           ;         ;
; altrom.inc                       ; yes             ; Megafunction                           ; d:/altera/13.0sp1/quartus/libraries/megafunctions/altrom.inc              ;         ;
; altram.inc                       ; yes             ; Megafunction                           ; d:/altera/13.0sp1/quartus/libraries/megafunctions/altram.inc              ;         ;
; altdpram.inc                     ; yes             ; Megafunction                           ; d:/altera/13.0sp1/quartus/libraries/megafunctions/altdpram.inc            ;         ;
; db/altsyncram_oo71.tdf           ; yes             ; Auto-Generated Megafunction            ; D:/altera/13.0sp1/Projects/CPU/db/altsyncram_oo71.tdf                     ;         ;
; instruction3.mif                 ; yes             ; Auto-Found Memory Initialization File  ; D:/altera/13.0sp1/Projects/CPU/instruction3.mif                           ;         ;
+----------------------------------+-----------------+----------------------------------------+---------------------------------------------------------------------------+---------+


+-----------------------------------------------------+
; Analysis & Synthesis Resource Usage Summary         ;
+---------------------------------------------+-------+
; Resource                                    ; Usage ;
+---------------------------------------------+-------+
; Estimated Total logic elements              ; 30    ;
;                                             ;       ;
; Total combinational functions               ; 30    ;
; Logic element usage by number of LUT inputs ;       ;
;     -- 4 input functions                    ; 0     ;
;     -- 3 input functions                    ; 1     ;
;     -- <=2 input functions                  ; 29    ;
;                                             ;       ;
; Logic elements by mode                      ;       ;
;     -- normal mode                          ; 2     ;
;     -- arithmetic mode                      ; 28    ;
;                                             ;       ;
; Total registers                             ; 30    ;
;     -- Dedicated logic registers            ; 30    ;
;     -- I/O registers                        ; 0     ;
;                                             ;       ;
; I/O pins                                    ; 75    ;
; Total memory bits                           ; 8192  ;
; Embedded Multiplier 9-bit elements          ; 0     ;
; Maximum fan-out node                        ; CLOCK ;
; Maximum fan-out                             ; 62    ;
; Total fan-out                               ; 566   ;
; Average fan-out                             ; 3.39  ;
+---------------------------------------------+-------+


+-----------------------------------------------------------------------------------------------------------------------------------------------------------------------------------------------------------------------------------------------------------------+
; Analysis & Synthesis Resource Utilization by Entity                                                                                                                                                                                                             ;
+-------------------------------------------+-------------------+--------------+-------------+--------------+---------+-----------+------+--------------+------------------------------------------------------------------------------------------+--------------+
; Compilation Hierarchy Node                ; LC Combinationals ; LC Registers ; Memory Bits ; DSP Elements ; DSP 9x9 ; DSP 18x18 ; Pins ; Virtual Pins ; Full Hierarchy Name                                                                      ; Library Name ;
+-------------------------------------------+-------------------+--------------+-------------+--------------+---------+-----------+------+--------------+------------------------------------------------------------------------------------------+--------------+
; |MEM_TEST                                 ; 30 (0)            ; 30 (0)       ; 8192        ; 0            ; 0       ; 0         ; 75   ; 0            ; |MEM_TEST                                                                                ; work         ;
;    |ICACHE_TWO:inst|                      ; 0 (0)             ; 0 (0)        ; 8192        ; 0            ; 0       ; 0         ; 0    ; 0            ; |MEM_TEST|ICACHE_TWO:inst                                                                ; work         ;
;       |altsyncram:altsyncram_component|   ; 0 (0)             ; 0 (0)        ; 8192        ; 0            ; 0       ; 0         ; 0    ; 0            ; |MEM_TEST|ICACHE_TWO:inst|altsyncram:altsyncram_component                                ; work         ;
;          |altsyncram_oo71:auto_generated| ; 0 (0)             ; 0 (0)        ; 8192        ; 0            ; 0       ; 0         ; 0    ; 0            ; |MEM_TEST|ICACHE_TWO:inst|altsyncram:altsyncram_component|altsyncram_oo71:auto_generated ; work         ;
;    |PC:inst2|                             ; 30 (0)            ; 30 (0)       ; 0           ; 0            ; 0       ; 0         ; 0    ; 0            ; |MEM_TEST|PC:inst2                                                                       ; work         ;
;       |lpm_dff:inst|                      ; 29 (29)           ; 30 (30)      ; 0           ; 0            ; 0       ; 0         ; 0    ; 0            ; |MEM_TEST|PC:inst2|lpm_dff:inst                                                          ; work         ;
;       |lpm_mux1:inst7|                    ; 1 (0)             ; 0 (0)        ; 0           ; 0            ; 0       ; 0         ; 0    ; 0            ; |MEM_TEST|PC:inst2|lpm_mux1:inst7                                                        ; work         ;
;          |lpm_mux:LPM_MUX_component|      ; 1 (0)             ; 0 (0)        ; 0           ; 0            ; 0       ; 0         ; 0    ; 0            ; |MEM_TEST|PC:inst2|lpm_mux1:inst7|lpm_mux:LPM_MUX_component                              ; work         ;
;             |mux_9oc:auto_generated|      ; 1 (1)             ; 0 (0)        ; 0           ; 0            ; 0       ; 0         ; 0    ; 0            ; |MEM_TEST|PC:inst2|lpm_mux1:inst7|lpm_mux:LPM_MUX_component|mux_9oc:auto_generated       ; work         ;
+-------------------------------------------+-------------------+--------------+-------------+--------------+---------+-----------+------+--------------+------------------------------------------------------------------------------------------+--------------+
Note: For table entries with two numbers listed, the numbers in parentheses indicate the number of resources of the given type used by the specific entity alone. The numbers listed outside of parentheses indicate the total resources of the given type used by the specific entity and all of its sub-entities in the hierarchy.


+-----------------------------------------------------------------------------------------------------------------------------------------------------------------------------------------------+
; Analysis & Synthesis RAM Summary                                                                                                                                                              ;
+-------------------------------------------------------------------------------------------+------+------+--------------+--------------+--------------+--------------+------+------------------+
; Name                                                                                      ; Type ; Mode ; Port A Depth ; Port A Width ; Port B Depth ; Port B Width ; Size ; MIF              ;
+-------------------------------------------------------------------------------------------+------+------+--------------+--------------+--------------+--------------+------+------------------+
; ICACHE_TWO:inst|altsyncram:altsyncram_component|altsyncram_oo71:auto_generated|ALTSYNCRAM ; AUTO ; ROM  ; 256          ; 32           ; --           ; --           ; 8192 ; instruction3.mif ;
+-------------------------------------------------------------------------------------------+------+------+--------------+--------------+--------------+--------------+------+------------------+


+-------------------------------------------------------------------------------------------------------------------------------------------------------+
; Analysis & Synthesis IP Cores Summary                                                                                                                 ;
+--------+--------------+---------+--------------+--------------+---------------------------------------+-----------------------------------------------+
; Vendor ; IP Core Name ; Version ; Release Date ; License Type ; Entity Instance                       ; IP Include File                               ;
+--------+--------------+---------+--------------+--------------+---------------------------------------+-----------------------------------------------+
; Altera ; ROM: 1-PORT  ; 13.0    ; N/A          ; N/A          ; |MEM_TEST|ICACHE_TWO:inst             ; D:/altera/13.0sp1/Projects/CPU/ICACHE_TWO.v   ;
; Altera ; LPM_ADD_SUB  ; 13.0    ; N/A          ; N/A          ; |MEM_TEST|PC:inst2|lpm_add_sub0:inst3 ; D:/altera/13.0sp1/Projects/CPU/lpm_add_sub0.v ;
; Altera ; LPM_MUX      ; N/A     ; N/A          ; N/A          ; |MEM_TEST|PC:inst2|lpm_mux1:inst7     ; D:/altera/13.0sp1/Projects/CPU/HW7/lpm_mux1.v ;
+--------+--------------+---------+--------------+--------------+---------------------------------------+-----------------------------------------------+


+-----------------------------------------------------------------------------------+
; Registers Removed During Synthesis                                                ;
+---------------------------------------+-------------------------------------------+
; Register name                         ; Reason for Removal                        ;
+---------------------------------------+-------------------------------------------+
; PC:inst2|lpm_dff:inst|dffs[0]         ; Merged with PC:inst2|lpm_dff:inst|dffs[1] ;
; PC:inst2|lpm_dff:inst|dffs[1]         ; Stuck at GND due to stuck port data_in    ;
; Total Number of Removed Registers = 2 ;                                           ;
+---------------------------------------+-------------------------------------------+


+------------------------------------------------------+
; General Register Statistics                          ;
+----------------------------------------------+-------+
; Statistic                                    ; Value ;
+----------------------------------------------+-------+
; Total registers                              ; 30    ;
; Number of registers using Synchronous Clear  ; 30    ;
; Number of registers using Synchronous Load   ; 29    ;
; Number of registers using Asynchronous Clear ; 0     ;
; Number of registers using Asynchronous Load  ; 0     ;
; Number of registers using Clock Enable       ; 0     ;
; Number of registers using Preset             ; 0     ;
+----------------------------------------------+-------+


+-------------------------------------------------------------------------------------------------------+
; Source assignments for ICACHE_TWO:inst|altsyncram:altsyncram_component|altsyncram_oo71:auto_generated ;
+---------------------------------+--------------------+------+-----------------------------------------+
; Assignment                      ; Value              ; From ; To                                      ;
+---------------------------------+--------------------+------+-----------------------------------------+
; OPTIMIZE_POWER_DURING_SYNTHESIS ; NORMAL_COMPILATION ; -    ; -                                       ;
+---------------------------------+--------------------+------+-----------------------------------------+


+--------------------------------------------------------------------+
; Parameter Settings for User Entity Instance: PC:inst2|LPM_DFF:inst ;
+------------------------+------------+------------------------------+
; Parameter Name         ; Value      ; Type                         ;
+------------------------+------------+------------------------------+
; LPM_WIDTH              ; 32         ; Signed Integer               ;
; LPM_AVALUE             ; 0          ; Untyped                      ;
; LPM_SVALUE             ; 0          ; Untyped                      ;
; DEVICE_FAMILY          ; Cyclone II ; Untyped                      ;
; AUTO_CARRY_CHAINS      ; ON         ; AUTO_CARRY                   ;
; IGNORE_CARRY_BUFFERS   ; OFF        ; IGNORE_CARRY                 ;
; AUTO_CASCADE_CHAINS    ; ON         ; AUTO_CASCADE                 ;
; IGNORE_CASCADE_BUFFERS ; OFF        ; IGNORE_CASCADE               ;
+------------------------+------------+------------------------------+
Note: In order to hide this table in the UI and the text report file, please set the "Show Parameter Settings in Synthesis Report" option in "Analysis and Synthesis Settings -> More Settings" to "Off".


+------------------------------------------------------------------------------------------------+
; Parameter Settings for User Entity Instance: PC:inst2|lpm_mux1:inst7|lpm_mux:LPM_MUX_component ;
+------------------------+------------+----------------------------------------------------------+
; Parameter Name         ; Value      ; Type                                                     ;
+------------------------+------------+----------------------------------------------------------+
; AUTO_CARRY_CHAINS      ; ON         ; AUTO_CARRY                                               ;
; IGNORE_CARRY_BUFFERS   ; OFF        ; IGNORE_CARRY                                             ;
; AUTO_CASCADE_CHAINS    ; ON         ; AUTO_CASCADE                                             ;
; IGNORE_CASCADE_BUFFERS ; OFF        ; IGNORE_CASCADE                                           ;
; LPM_WIDTH              ; 32         ; Signed Integer                                           ;
; LPM_SIZE               ; 2          ; Signed Integer                                           ;
; LPM_WIDTHS             ; 1          ; Signed Integer                                           ;
; LPM_PIPELINE           ; 0          ; Untyped                                                  ;
; CBXI_PARAMETER         ; mux_9oc    ; Untyped                                                  ;
; DEVICE_FAMILY          ; Cyclone II ; Untyped                                                  ;
+------------------------+------------+----------------------------------------------------------+
Note: In order to hide this table in the UI and the text report file, please set the "Show Parameter Settings in Synthesis Report" option in "Analysis and Synthesis Settings -> More Settings" to "Off".


+------------------------------------------------------------------------------------------------------------+
; Parameter Settings for User Entity Instance: PC:inst2|lpm_add_sub0:inst3|lpm_add_sub:LPM_ADD_SUB_component ;
+------------------------+-------------+---------------------------------------------------------------------+
; Parameter Name         ; Value       ; Type                                                                ;
+------------------------+-------------+---------------------------------------------------------------------+
; LPM_WIDTH              ; 32          ; Signed Integer                                                      ;
; LPM_REPRESENTATION     ; UNSIGNED    ; Untyped                                                             ;
; LPM_DIRECTION          ; ADD         ; Untyped                                                             ;
; ONE_INPUT_IS_CONSTANT  ; YES         ; Untyped                                                             ;
; LPM_PIPELINE           ; 0           ; Untyped                                                             ;
; MAXIMIZE_SPEED         ; 5           ; Untyped                                                             ;
; REGISTERED_AT_END      ; 0           ; Untyped                                                             ;
; OPTIMIZE_FOR_SPEED     ; 5           ; Untyped                                                             ;
; USE_CS_BUFFERS         ; 1           ; Untyped                                                             ;
; CARRY_CHAIN            ; MANUAL      ; Untyped                                                             ;
; CARRY_CHAIN_LENGTH     ; 48          ; CARRY_CHAIN_LENGTH                                                  ;
; DEVICE_FAMILY          ; Cyclone II  ; Untyped                                                             ;
; USE_WYS                ; OFF         ; Untyped                                                             ;
; STYLE                  ; FAST        ; Untyped                                                             ;
; CBXI_PARAMETER         ; add_sub_dph ; Untyped                                                             ;
; AUTO_CARRY_CHAINS      ; ON          ; AUTO_CARRY                                                          ;
; IGNORE_CARRY_BUFFERS   ; OFF         ; IGNORE_CARRY                                                        ;
; AUTO_CASCADE_CHAINS    ; ON          ; AUTO_CASCADE                                                        ;
; IGNORE_CASCADE_BUFFERS ; OFF         ; IGNORE_CASCADE                                                      ;
+------------------------+-------------+---------------------------------------------------------------------+
Note: In order to hide this table in the UI and the text report file, please set the "Show Parameter Settings in Synthesis Report" option in "Analysis and Synthesis Settings -> More Settings" to "Off".


+----------------------------------------------------------------------------------------------+
; Parameter Settings for User Entity Instance: ICACHE_TWO:inst|altsyncram:altsyncram_component ;
+------------------------------------+----------------------+----------------------------------+
; Parameter Name                     ; Value                ; Type                             ;
+------------------------------------+----------------------+----------------------------------+
; BYTE_SIZE_BLOCK                    ; 8                    ; Untyped                          ;
; AUTO_CARRY_CHAINS                  ; ON                   ; AUTO_CARRY                       ;
; IGNORE_CARRY_BUFFERS               ; OFF                  ; IGNORE_CARRY                     ;
; AUTO_CASCADE_CHAINS                ; ON                   ; AUTO_CASCADE                     ;
; IGNORE_CASCADE_BUFFERS             ; OFF                  ; IGNORE_CASCADE                   ;
; WIDTH_BYTEENA                      ; 1                    ; Untyped                          ;
; OPERATION_MODE                     ; ROM                  ; Untyped                          ;
; WIDTH_A                            ; 32                   ; Signed Integer                   ;
; WIDTHAD_A                          ; 8                    ; Signed Integer                   ;
; NUMWORDS_A                         ; 256                  ; Signed Integer                   ;
; OUTDATA_REG_A                      ; CLOCK0               ; Untyped                          ;
; ADDRESS_ACLR_A                     ; NONE                 ; Untyped                          ;
; OUTDATA_ACLR_A                     ; NONE                 ; Untyped                          ;
; WRCONTROL_ACLR_A                   ; NONE                 ; Untyped                          ;
; INDATA_ACLR_A                      ; NONE                 ; Untyped                          ;
; BYTEENA_ACLR_A                     ; NONE                 ; Untyped                          ;
; WIDTH_B                            ; 1                    ; Untyped                          ;
; WIDTHAD_B                          ; 1                    ; Untyped                          ;
; NUMWORDS_B                         ; 1                    ; Untyped                          ;
; INDATA_REG_B                       ; CLOCK1               ; Untyped                          ;
; WRCONTROL_WRADDRESS_REG_B          ; CLOCK1               ; Untyped                          ;
; RDCONTROL_REG_B                    ; CLOCK1               ; Untyped                          ;
; ADDRESS_REG_B                      ; CLOCK1               ; Untyped                          ;
; OUTDATA_REG_B                      ; UNREGISTERED         ; Untyped                          ;
; BYTEENA_REG_B                      ; CLOCK1               ; Untyped                          ;
; INDATA_ACLR_B                      ; NONE                 ; Untyped                          ;
; WRCONTROL_ACLR_B                   ; NONE                 ; Untyped                          ;
; ADDRESS_ACLR_B                     ; NONE                 ; Untyped                          ;
; OUTDATA_ACLR_B                     ; NONE                 ; Untyped                          ;
; RDCONTROL_ACLR_B                   ; NONE                 ; Untyped                          ;
; BYTEENA_ACLR_B                     ; NONE                 ; Untyped                          ;
; WIDTH_BYTEENA_A                    ; 1                    ; Signed Integer                   ;
; WIDTH_BYTEENA_B                    ; 1                    ; Untyped                          ;
; RAM_BLOCK_TYPE                     ; AUTO                 ; Untyped                          ;
; BYTE_SIZE                          ; 8                    ; Untyped                          ;
; READ_DURING_WRITE_MODE_MIXED_PORTS ; DONT_CARE            ; Untyped                          ;
; READ_DURING_WRITE_MODE_PORT_A      ; NEW_DATA_NO_NBE_READ ; Untyped                          ;
; READ_DURING_WRITE_MODE_PORT_B      ; NEW_DATA_NO_NBE_READ ; Untyped                          ;
; INIT_FILE                          ; instruction3.mif     ; Untyped                          ;
; INIT_FILE_LAYOUT                   ; PORT_A               ; Untyped                          ;
; MAXIMUM_DEPTH                      ; 0                    ; Untyped                          ;
; CLOCK_ENABLE_INPUT_A               ; BYPASS               ; Untyped                          ;
; CLOCK_ENABLE_INPUT_B               ; NORMAL               ; Untyped                          ;
; CLOCK_ENABLE_OUTPUT_A              ; BYPASS               ; Untyped                          ;
; CLOCK_ENABLE_OUTPUT_B              ; NORMAL               ; Untyped                          ;
; CLOCK_ENABLE_CORE_A                ; USE_INPUT_CLKEN      ; Untyped                          ;
; CLOCK_ENABLE_CORE_B                ; USE_INPUT_CLKEN      ; Untyped                          ;
; ENABLE_ECC                         ; FALSE                ; Untyped                          ;
; ECC_PIPELINE_STAGE_ENABLED         ; FALSE                ; Untyped                          ;
; WIDTH_ECCSTATUS                    ; 3                    ; Untyped                          ;
; DEVICE_FAMILY                      ; Cyclone II           ; Untyped                          ;
; CBXI_PARAMETER                     ; altsyncram_oo71      ; Untyped                          ;
+------------------------------------+----------------------+----------------------------------+
Note: In order to hide this table in the UI and the text report file, please set the "Show Parameter Settings in Synthesis Report" option in "Analysis and Synthesis Settings -> More Settings" to "Off".


+---------------------------------------------------------------------------------------------+
; altsyncram Parameter Settings by Entity Instance                                            ;
+-------------------------------------------+-------------------------------------------------+
; Name                                      ; Value                                           ;
+-------------------------------------------+-------------------------------------------------+
; Number of entity instances                ; 1                                               ;
; Entity Instance                           ; ICACHE_TWO:inst|altsyncram:altsyncram_component ;
;     -- OPERATION_MODE                     ; ROM                                             ;
;     -- WIDTH_A                            ; 32                                              ;
;     -- NUMWORDS_A                         ; 256                                             ;
;     -- OUTDATA_REG_A                      ; CLOCK0                                          ;
;     -- WIDTH_B                            ; 1                                               ;
;     -- NUMWORDS_B                         ; 1                                               ;
;     -- ADDRESS_REG_B                      ; CLOCK1                                          ;
;     -- OUTDATA_REG_B                      ; UNREGISTERED                                    ;
;     -- RAM_BLOCK_TYPE                     ; AUTO                                            ;
;     -- READ_DURING_WRITE_MODE_MIXED_PORTS ; DONT_CARE                                       ;
+-------------------------------------------+-------------------------------------------------+


+-------------------------------+
; Elapsed Time Per Partition    ;
+----------------+--------------+
; Partition Name ; Elapsed Time ;
+----------------+--------------+
; Top            ; 00:00:00     ;
+----------------+--------------+


+-------------------------------+
; Analysis & Synthesis Messages ;
+-------------------------------+
Info: *******************************************************************
Info: Running Quartus II 64-Bit Analysis & Synthesis
    Info: Version 13.0.1 Build 232 06/12/2013 Service Pack 1 SJ Web Edition
    Info: Processing started: Sat Jul 18 02:41:13 2020
Info: Command: quartus_map --read_settings_files=on --write_settings_files=off CPU -c ALU
Warning (20028): Parallel compilation is not licensed and has been disabled
Info (12021): Found 1 design units, including 1 entities, in source file hw7/lpm_shiftreg1.v
    Info (12023): Found entity 1: lpm_shiftreg1
Info (12021): Found 1 design units, including 1 entities, in source file hw7/lpm_shiftreg0.v
    Info (12023): Found entity 1: lpm_shiftreg0
Info (12021): Found 1 design units, including 1 entities, in source file hw7/lpm_mux1.v
    Info (12023): Found entity 1: lpm_mux1
Info (12021): Found 1 design units, including 1 entities, in source file hw7/lpm_mux0.v
    Info (12023): Found entity 1: lpm_mux0
Info (12021): Found 1 design units, including 1 entities, in source file hw7/lpm_decode1.v
    Info (12023): Found entity 1: lpm_decode1
Info (12021): Found 1 design units, including 1 entities, in source file hw7/lpm_decode0.v
    Info (12023): Found entity 1: lpm_decode0
Info (12021): Found 2 design units, including 2 entities, in source file hw7/lpm_constant0.v
    Info (12023): Found entity 1: lpm_constant0_lpm_constant_r09
    Info (12023): Found entity 2: lpm_constant0
Info (12021): Found 1 design units, including 1 entities, in source file hw7/hw7_test.bdf
    Info (12023): Found entity 1: HW7_Test
Info (12021): Found 1 design units, including 1 entities, in source file hw7/hw7.bdf
    Info (12023): Found entity 1: HW7
Info (12021): Found 1 design units, including 1 entities, in source file alu.bdf
    Info (12023): Found entity 1: ALU
Info (12021): Found 1 design units, including 1 entities, in source file add.v
    Info (12023): Found entity 1: add
Info (12021): Found 1 design units, including 1 entities, in source file sub.v
    Info (12023): Found entity 1: sub
Info (12021): Found 1 design units, including 1 entities, in source file shr.v
    Info (12023): Found entity 1: shr
Info (12021): Found 1 design units, including 1 entities, in source file shl.v
    Info (12023): Found entity 1: shl
Info (12021): Found 1 design units, including 1 entities, in source file cmp.v
    Info (12023): Found entity 1: cmp
Info (12021): Found 1 design units, including 1 entities, in source file min.v
    Info (12023): Found entity 1: min
Info (12021): Found 1 design units, including 1 entities, in source file out.v
    Info (12023): Found entity 1: out
Info (12021): Found 1 design units, including 1 entities, in source file zero.v
    Info (12023): Found entity 1: zero
Info (12021): Found 1 design units, including 1 entities, in source file cpu.bdf
    Info (12023): Found entity 1: CPU
Info (12021): Found 1 design units, including 1 entities, in source file lpm_add_sub0.v
    Info (12023): Found entity 1: lpm_add_sub0
Info (12021): Found 1 design units, including 1 entities, in source file pc.bdf
    Info (12023): Found entity 1: PC
Info (12021): Found 1 design units, including 1 entities, in source file zero_ext10.bdf
    Info (12023): Found entity 1: ZERO_EXT10
Info (12021): Found 1 design units, including 1 entities, in source file icache.v
    Info (12023): Found entity 1: ICACHE
Info (12021): Found 1 design units, including 1 entities, in source file mem_test.bdf
    Info (12023): Found entity 1: MEM_TEST
Info (12021): Found 1 design units, including 1 entities, in source file icache_two.v
    Info (12023): Found entity 1: ICACHE_TWO
Info (12127): Elaborating entity "MEM_TEST" for the top level hierarchy
Info (12128): Elaborating entity "PC" for hierarchy "PC:inst2"
Info (12128): Elaborating entity "LPM_DFF" for hierarchy "PC:inst2|LPM_DFF:inst"
Info (12130): Elaborated megafunction instantiation "PC:inst2|LPM_DFF:inst"
Info (12133): Instantiated megafunction "PC:inst2|LPM_DFF:inst" with the following parameter:
    Info (12134): Parameter "LPM_WIDTH" = "32"
Info (12128): Elaborating entity "lpm_mux1" for hierarchy "PC:inst2|lpm_mux1:inst7"
Info (12128): Elaborating entity "lpm_mux" for hierarchy "PC:inst2|lpm_mux1:inst7|lpm_mux:LPM_MUX_component"
Info (12130): Elaborated megafunction instantiation "PC:inst2|lpm_mux1:inst7|lpm_mux:LPM_MUX_component"
Info (12133): Instantiated megafunction "PC:inst2|lpm_mux1:inst7|lpm_mux:LPM_MUX_component" with the following parameter:
    Info (12134): Parameter "lpm_size" = "2"
    Info (12134): Parameter "lpm_type" = "LPM_MUX"
    Info (12134): Parameter "lpm_width" = "32"
    Info (12134): Parameter "lpm_widths" = "1"
Info (12021): Found 1 design units, including 1 entities, in source file db/mux_9oc.tdf
    Info (12023): Found entity 1: mux_9oc
Info (12128): Elaborating entity "mux_9oc" for hierarchy "PC:inst2|lpm_mux1:inst7|lpm_mux:LPM_MUX_component|mux_9oc:auto_generated"
Info (12128): Elaborating entity "lpm_add_sub0" for hierarchy "PC:inst2|lpm_add_sub0:inst3"
Info (12128): Elaborating entity "lpm_add_sub" for hierarchy "PC:inst2|lpm_add_sub0:inst3|lpm_add_sub:LPM_ADD_SUB_component"
Info (12130): Elaborated megafunction instantiation "PC:inst2|lpm_add_sub0:inst3|lpm_add_sub:LPM_ADD_SUB_component"
Info (12133): Instantiated megafunction "PC:inst2|lpm_add_sub0:inst3|lpm_add_sub:LPM_ADD_SUB_component" with the following parameter:
    Info (12134): Parameter "lpm_direction" = "ADD"
    Info (12134): Parameter "lpm_hint" = "ONE_INPUT_IS_CONSTANT=YES,CIN_USED=NO"
    Info (12134): Parameter "lpm_representation" = "UNSIGNED"
    Info (12134): Parameter "lpm_type" = "LPM_ADD_SUB"
    Info (12134): Parameter "lpm_width" = "32"
Info (12021): Found 1 design units, including 1 entities, in source file db/add_sub_dph.tdf
    Info (12023): Found entity 1: add_sub_dph
Info (12128): Elaborating entity "add_sub_dph" for hierarchy "PC:inst2|lpm_add_sub0:inst3|lpm_add_sub:LPM_ADD_SUB_component|add_sub_dph:auto_generated"
Info (12128): Elaborating entity "ICACHE_TWO" for hierarchy "ICACHE_TWO:inst"
Info (12128): Elaborating entity "altsyncram" for hierarchy "ICACHE_TWO:inst|altsyncram:altsyncram_component"
Info (12130): Elaborated megafunction instantiation "ICACHE_TWO:inst|altsyncram:altsyncram_component"
Info (12133): Instantiated megafunction "ICACHE_TWO:inst|altsyncram:altsyncram_component" with the following parameter:
    Info (12134): Parameter "clock_enable_input_a" = "BYPASS"
    Info (12134): Parameter "clock_enable_output_a" = "BYPASS"
    Info (12134): Parameter "init_file" = "instruction3.mif"
    Info (12134): Parameter "intended_device_family" = "Cyclone II"
    Info (12134): Parameter "lpm_hint" = "ENABLE_RUNTIME_MOD=NO"
    Info (12134): Parameter "lpm_type" = "altsyncram"
    Info (12134): Parameter "numwords_a" = "256"
    Info (12134): Parameter "operation_mode" = "ROM"
    Info (12134): Parameter "outdata_aclr_a" = "NONE"
    Info (12134): Parameter "outdata_reg_a" = "CLOCK0"
    Info (12134): Parameter "widthad_a" = "8"
    Info (12134): Parameter "width_a" = "32"
    Info (12134): Parameter "width_byteena_a" = "1"
Info (12021): Found 1 design units, including 1 entities, in source file db/altsyncram_oo71.tdf
    Info (12023): Found entity 1: altsyncram_oo71
Info (12128): Elaborating entity "altsyncram_oo71" for hierarchy "ICACHE_TWO:inst|altsyncram:altsyncram_component|altsyncram_oo71:auto_generated"
Warning (13024): Output pins are stuck at VCC or GND
    Warning (13410): Pin "PC[1]" is stuck at GND
    Warning (13410): Pin "PC[0]" is stuck at GND
Info (16010): Generating hard_block partition "hard_block:auto_generated_inst"
    Info (16011): Adding 0 node(s), including 0 DDIO, 0 PLL, 0 transceiver and 0 LCELL
Info (21057): Implemented 137 device resources after synthesis - the final resource count might be different
    Info (21058): Implemented 3 input pins
    Info (21059): Implemented 72 output pins
    Info (21061): Implemented 30 logic cells
    Info (21064): Implemented 32 RAM segments
Info: Quartus II 64-Bit Analysis & Synthesis was successful. 0 errors, 4 warnings
    Info: Peak virtual memory: 4603 megabytes
    Info: Processing ended: Sat Jul 18 02:41:15 2020
    Info: Elapsed time: 00:00:02
    Info: Total CPU time (on all processors): 00:00:02


